<?xml version="1.0" encoding="UTF-8"?>
<!-- Generated by org.testng.reporters.JUnitXMLReporter -->
<testsuite hostname="Nitya" ignored="0" name="Default test" tests="4" failures="0" timestamp="25 Mar 2023 07:07:32 GMT" time="32.04" errors="0">
  <testcase name="openCartLoginTest" time="0.011" classname="com.qa.opencart.tests.LoginTest"/>
  <testcase name="openCartLoginPageUrlTest" time="0.01" classname="com.qa.opencart.tests.LoginTest"/>
  <testcase name="isForgotPasswordLinkExists" time="0.069" classname="com.qa.opencart.tests.LoginTest"/>
  <testcase name="doLogin" time="1.225" classname="com.qa.opencart.tests.LoginTest"/>
</testsuite> <!-- Default test -->
