<?xml version="1.0" encoding="UTF-8"?>
<!-- Generated by org.testng.reporters.JUnitXMLReporter -->
<testsuite hostname="Nitya" ignored="0" name="Default test" tests="4" failures="0" timestamp="26 Mar 2023 15:11:16 GMT" time="13.841" errors="0">
  <testcase name="accountPageTitleTest" time="0.04" classname="com.qa.opencart.tests.AccountPageTest"/>
  <testcase name="accountPageUrlTest" time="0.025" classname="com.qa.opencart.tests.AccountPageTest"/>
  <testcase name="isSearchBarExistTest" time="0.084" classname="com.qa.opencart.tests.AccountPageTest"/>
  <testcase name="accPageHeadersTest" time="0.127" classname="com.qa.opencart.tests.AccountPageTest"/>
</testsuite> <!-- Default test -->
