<?xml version="1.0" encoding="UTF-8"?>
<!-- Generated by org.testng.reporters.JUnitXMLReporter -->
<testsuite hostname="Nitya" ignored="0" name="Accounts Test" tests="10" failures="0" timestamp="07 May 2023 16:46:48 GMT" time="28.74" errors="0">
  <testcase name="accountPageTitleTest" time="0.034" classname="com.qa.opencart.tests.AccountPageTest"/>
  <testcase name="accountPageUrlTest" time="0.026" classname="com.qa.opencart.tests.AccountPageTest"/>
  <testcase name="isSearchBarExistTest" time="0.06" classname="com.qa.opencart.tests.AccountPageTest"/>
  <testcase name="accPageHeadersTest" time="0.149" classname="com.qa.opencart.tests.AccountPageTest"/>
  <testcase name="searchCheckTest" time="1.4" classname="com.qa.opencart.tests.AccountPageTest"/>
  <testcase name="searchCheckTest" time="1.327" classname="com.qa.opencart.tests.AccountPageTest"/>
  <testcase name="searchCheckTest" time="1.371" classname="com.qa.opencart.tests.AccountPageTest"/>
  <testcase name="searchTest" time="3.471" classname="com.qa.opencart.tests.AccountPageTest"/>
  <testcase name="searchTest" time="2.38" classname="com.qa.opencart.tests.AccountPageTest"/>
  <testcase name="searchTest" time="2.18" classname="com.qa.opencart.tests.AccountPageTest"/>
</testsuite> <!-- Accounts Test -->
