<?xml version="1.0" encoding="UTF-8"?>
<!-- Generated by org.testng.reporters.JUnitXMLReporter -->
<testsuite hostname="Nitya" ignored="0" name="Accounts Test" tests="10" failures="0" timestamp="05 Apr 2023 16:27:49 GMT" time="29.636" errors="0">
  <testcase name="accountPageTitleTest" time="0.029" classname="com.qa.opencart.tests.AccountPageTest"/>
  <testcase name="accountPageUrlTest" time="0.02" classname="com.qa.opencart.tests.AccountPageTest"/>
  <testcase name="isSearchBarExistTest" time="0.05" classname="com.qa.opencart.tests.AccountPageTest"/>
  <testcase name="accPageHeadersTest" time="0.664" classname="com.qa.opencart.tests.AccountPageTest"/>
  <testcase name="searchCheckTest" time="1.529" classname="com.qa.opencart.tests.AccountPageTest"/>
  <testcase name="searchCheckTest" time="1.425" classname="com.qa.opencart.tests.AccountPageTest"/>
  <testcase name="searchCheckTest" time="1.265" classname="com.qa.opencart.tests.AccountPageTest"/>
  <testcase name="searchTest" time="3.592" classname="com.qa.opencart.tests.AccountPageTest"/>
  <testcase name="searchTest" time="2.924" classname="com.qa.opencart.tests.AccountPageTest"/>
  <testcase name="searchTest" time="2.852" classname="com.qa.opencart.tests.AccountPageTest"/>
</testsuite> <!-- Accounts Test -->
