<?xml version="1.0" encoding="UTF-8"?>
<!-- Generated by org.testng.reporters.JUnitXMLReporter -->
<testsuite hostname="Nitya" ignored="0" name="Login Test" tests="4" failures="0" timestamp="05 Apr 2023 16:27:34 GMT" time="14.913" errors="0">
  <testcase name="openCartLoginTest" time="0.133" classname="com.qa.opencart.tests.LoginTest"/>
  <testcase name="openCartLoginPageUrlTest" time="0.041" classname="com.qa.opencart.tests.LoginTest"/>
  <testcase name="isForgotPasswordLinkExists" time="0.134" classname="com.qa.opencart.tests.LoginTest"/>
  <testcase name="doLogin" time="1.826" classname="com.qa.opencart.tests.LoginTest"/>
</testsuite> <!-- Login Test -->
