<?xml version="1.0" encoding="UTF-8"?>
<!-- Generated by org.testng.reporters.JUnitXMLReporter -->
<testsuite hostname="Nitya" ignored="0" name="ProductPage Test" tests="8" failures="0" timestamp="05 Apr 2023 16:43:44 GMT" time="33.503" errors="0">
  <testcase name="productHeaderTest" time="4.032" classname="com.qa.opencart.tests.ProductPageTest"/>
  <testcase name="productHeaderTest" time="2.624" classname="com.qa.opencart.tests.ProductPageTest"/>
  <testcase name="productHeaderTest" time="2.831" classname="com.qa.opencart.tests.ProductPageTest"/>
  <testcase name="getProductImageCountTest" time="2.02" classname="com.qa.opencart.tests.ProductPageTest"/>
  <testcase name="getProductImageCountTest" time="1.882" classname="com.qa.opencart.tests.ProductPageTest"/>
  <testcase name="getProductImageCountTest" time="1.837" classname="com.qa.opencart.tests.ProductPageTest"/>
  <testcase name="productMetaDataTest" time="2.2" classname="com.qa.opencart.tests.ProductPageTest"/>
  <testcase name="productPriceMetaDataTest" time="2.208" classname="com.qa.opencart.tests.ProductPageTest"/>
</testsuite> <!-- ProductPage Test -->
