<?xml version="1.0" encoding="UTF-8"?>
<!-- Generated by org.testng.reporters.JUnitXMLReporter -->
<testsuite hostname="Nitya" ignored="0" name="ProductPage Test" tests="8" failures="0" timestamp="31 Mar 2023 08:58:32 GMT" time="0.603" errors="0">
  <testcase name="@BeforeTest setup" time="0.049" classname="com.qa.opencart.base.BaseTest">
    <failure type="java.lang.NullPointerException">
      <![CDATA[java.lang.NullPointerException
	at com.qa.opencart.factory.DriverFactory.initDriver(DriverFactory.java:68)
	at com.qa.opencart.base.BaseTest.setup(BaseTest.java:31)
	at java.util.concurrent.FutureTask.run(Unknown Source)
	at java.util.concurrent.ThreadPoolExecutor.runWorker(Unknown Source)
	at java.util.concurrent.ThreadPoolExecutor$Worker.run(Unknown Source)
	at java.lang.Thread.run(Unknown Source)
... Removed 14 stack frames]]>
    </failure>
  </testcase> <!-- @BeforeTest setup -->
  <testcase name="@BeforeTest setup" time="0.049" classname="com.qa.opencart.base.BaseTest">
    <failure type="java.lang.NullPointerException">
      <![CDATA[java.lang.NullPointerException
	at com.qa.opencart.factory.DriverFactory.initDriver(DriverFactory.java:68)
	at com.qa.opencart.base.BaseTest.setup(BaseTest.java:31)
	at java.util.concurrent.FutureTask.run(Unknown Source)
	at java.util.concurrent.ThreadPoolExecutor.runWorker(Unknown Source)
	at java.util.concurrent.ThreadPoolExecutor$Worker.run(Unknown Source)
	at java.lang.Thread.run(Unknown Source)
... Removed 14 stack frames]]>
    </failure>
  </testcase> <!-- @BeforeTest setup -->
  <testcase name="@BeforeClass registrationSetup" time="0.0" classname="com.qa.opencart.tests.RegisterTest">
    <skipped/>
  </testcase> <!-- @BeforeClass registrationSetup -->
  <testcase name="@BeforeClass productInfoSetup" time="0.0" classname="com.qa.opencart.tests.ProductPageTest">
    <skipped/>
  </testcase> <!-- @BeforeClass productInfoSetup -->
  <testcase name="@AfterTest tearDown" time="0.0" classname="com.qa.opencart.base.BaseTest">
    <skipped/>
  </testcase> <!-- @AfterTest tearDown -->
  <testcase name="productHeaderTest" time="0.0" classname="com.qa.opencart.tests.ProductPageTest">
    <skipped/>
  </testcase> <!-- productHeaderTest -->
  <testcase name="productHeaderTest" time="0.001" classname="com.qa.opencart.tests.ProductPageTest">
    <skipped/>
  </testcase> <!-- productHeaderTest -->
  <testcase name="productHeaderTest" time="0.0" classname="com.qa.opencart.tests.ProductPageTest">
    <skipped/>
  </testcase> <!-- productHeaderTest -->
  <testcase name="getProductImageCountTest" time="0.0" classname="com.qa.opencart.tests.ProductPageTest">
    <skipped/>
  </testcase> <!-- getProductImageCountTest -->
  <testcase name="getProductImageCountTest" time="0.0" classname="com.qa.opencart.tests.ProductPageTest">
    <skipped/>
  </testcase> <!-- getProductImageCountTest -->
  <testcase name="getProductImageCountTest" time="0.0" classname="com.qa.opencart.tests.ProductPageTest">
    <skipped/>
  </testcase> <!-- getProductImageCountTest -->
  <testcase name="productMetaDataTest" time="0.0" classname="com.qa.opencart.tests.ProductPageTest">
    <skipped/>
  </testcase> <!-- productMetaDataTest -->
  <testcase name="productPriceMetaDataTest" time="0.0" classname="com.qa.opencart.tests.ProductPageTest">
    <skipped/>
  </testcase> <!-- productPriceMetaDataTest -->
</testsuite> <!-- ProductPage Test -->
