<?xml version="1.0" encoding="UTF-8"?>
<!-- Generated by org.testng.reporters.JUnitXMLReporter -->
<testsuite hostname="Nitya" ignored="0" name="Register Test" tests="11" failures="0" timestamp="07 May 2023 16:48:16 GMT" time="59.159" errors="0">
  <testcase name="registerUserTest" time="4.497" classname="com.qa.opencart.tests.RegisterTest"/>
  <testcase name="registerUserTest" time="4.847" classname="com.qa.opencart.tests.RegisterTest"/>
  <testcase name="registerUserTest" time="4.124" classname="com.qa.opencart.tests.RegisterTest"/>
  <testcase name="registerUserTest" time="4.273" classname="com.qa.opencart.tests.RegisterTest"/>
  <testcase name="registerUserTest" time="4.554" classname="com.qa.opencart.tests.RegisterTest"/>
  <testcase name="registerUserTest" time="4.378" classname="com.qa.opencart.tests.RegisterTest"/>
  <testcase name="registerUserTest" time="4.269" classname="com.qa.opencart.tests.RegisterTest"/>
  <testcase name="registerUserTest" time="4.63" classname="com.qa.opencart.tests.RegisterTest"/>
  <testcase name="registerUserTest" time="4.341" classname="com.qa.opencart.tests.RegisterTest"/>
  <testcase name="registerUserTest" time="4.102" classname="com.qa.opencart.tests.RegisterTest"/>
  <testcase name="registerUserTest" time="4.564" classname="com.qa.opencart.tests.RegisterTest"/>
</testsuite> <!-- Register Test -->
