<?xml version="1.0" encoding="UTF-8"?>
<testng-results skipped="0" failed="0" ignored="0" total="33" passed="33">
  <reporter-output>
  </reporter-output>
  <suite name="Open Cart Regression Test" duration-ms="63831" started-at="2023-04-05T16:27:19Z" finished-at="2023-04-05T16:28:23Z">
    <groups>
    </groups>
    <test name="Login Test" duration-ms="14913" started-at="2023-04-05T16:27:19Z" finished-at="2023-04-05T16:27:34Z">
      <class name="com.qa.opencart.tests.LoginTest">
        <test-method status="PASS" signature="setup()[pri:0, instance:com.qa.opencart.tests.LoginTest@2ba5aa7a]" name="setup" is-config="true" duration-ms="11583" started-at="2023-04-05T21:57:19Z" finished-at="2023-04-05T21:57:31Z">
          <reporter-output>
          </reporter-output>
        </test-method> <!-- setup -->
        <test-method status="PASS" signature="openCartLoginTest()[pri:0, instance:com.qa.opencart.tests.LoginTest@2ba5aa7a]" name="openCartLoginTest" duration-ms="133" started-at="2023-04-05T21:57:31Z" description="Title Test" finished-at="2023-04-05T21:57:31Z">
          <reporter-output>
          </reporter-output>
        </test-method> <!-- openCartLoginTest -->
        <test-method status="PASS" signature="openCartLoginPageUrlTest()[pri:1, instance:com.qa.opencart.tests.LoginTest@2ba5aa7a]" name="openCartLoginPageUrlTest" duration-ms="41" started-at="2023-04-05T21:57:31Z" description="Url Test" finished-at="2023-04-05T21:57:31Z">
          <reporter-output>
          </reporter-output>
        </test-method> <!-- openCartLoginPageUrlTest -->
        <test-method status="PASS" signature="isForgotPasswordLinkExists()[pri:2, instance:com.qa.opencart.tests.LoginTest@2ba5aa7a]" name="isForgotPasswordLinkExists" duration-ms="134" started-at="2023-04-05T21:57:31Z" description="Forgot password Test" finished-at="2023-04-05T21:57:32Z">
          <reporter-output>
          </reporter-output>
        </test-method> <!-- isForgotPasswordLinkExists -->
        <test-method status="PASS" signature="doLogin()[pri:3, instance:com.qa.opencart.tests.LoginTest@2ba5aa7a]" name="doLogin" duration-ms="1826" started-at="2023-04-05T21:57:32Z" description="Login Test" finished-at="2023-04-05T21:57:33Z">
          <reporter-output>
          </reporter-output>
        </test-method> <!-- doLogin -->
        <test-method status="PASS" signature="tearDown()[pri:0, instance:com.qa.opencart.tests.LoginTest@2ba5aa7a]" name="tearDown" is-config="true" duration-ms="853" started-at="2023-04-05T21:57:33Z" finished-at="2023-04-05T21:57:34Z">
          <reporter-output>
          </reporter-output>
        </test-method> <!-- tearDown -->
      </class> <!-- com.qa.opencart.tests.LoginTest -->
    </test> <!-- Login Test -->
    <test name="Accounts Test" duration-ms="29636" started-at="2023-04-05T16:27:19Z" finished-at="2023-04-05T16:27:49Z">
      <class name="com.qa.opencart.tests.AccountPageTest">
        <test-method status="PASS" signature="setup()[pri:0, instance:com.qa.opencart.tests.AccountPageTest@44e93c1f]" name="setup" is-config="true" duration-ms="11643" started-at="2023-04-05T21:57:19Z" finished-at="2023-04-05T21:57:31Z">
          <reporter-output>
          </reporter-output>
        </test-method> <!-- setup -->
        <test-method status="PASS" signature="accSetup()[pri:0, instance:com.qa.opencart.tests.AccountPageTest@44e93c1f]" name="accSetup" is-config="true" duration-ms="1539" started-at="2023-04-05T21:57:31Z" finished-at="2023-04-05T21:57:33Z">
          <reporter-output>
          </reporter-output>
        </test-method> <!-- accSetup -->
        <test-method status="PASS" signature="accountPageTitleTest()[pri:0, instance:com.qa.opencart.tests.AccountPageTest@44e93c1f]" name="accountPageTitleTest" duration-ms="29" started-at="2023-04-05T21:57:33Z" description="Account Page Title Test" finished-at="2023-04-05T21:57:33Z">
          <reporter-output>
          </reporter-output>
        </test-method> <!-- accountPageTitleTest -->
        <test-method status="PASS" signature="accountPageUrlTest()[pri:1, instance:com.qa.opencart.tests.AccountPageTest@44e93c1f]" name="accountPageUrlTest" duration-ms="20" started-at="2023-04-05T21:57:33Z" description="Account Page url Test" finished-at="2023-04-05T21:57:33Z">
          <reporter-output>
          </reporter-output>
        </test-method> <!-- accountPageUrlTest -->
        <test-method status="PASS" signature="isSearchBarExistTest()[pri:2, instance:com.qa.opencart.tests.AccountPageTest@44e93c1f]" name="isSearchBarExistTest" duration-ms="50" started-at="2023-04-05T21:57:33Z" description="Searchbar exists or not Test" finished-at="2023-04-05T21:57:33Z">
          <reporter-output>
          </reporter-output>
        </test-method> <!-- isSearchBarExistTest -->
        <test-method status="PASS" signature="accPageHeadersTest()[pri:3, instance:com.qa.opencart.tests.AccountPageTest@44e93c1f]" name="accPageHeadersTest" duration-ms="664" started-at="2023-04-05T21:57:33Z" description="Account Page Headers Test" finished-at="2023-04-05T21:57:33Z">
          <reporter-output>
          </reporter-output>
        </test-method> <!-- accPageHeadersTest -->
        <test-method status="PASS" signature="searchCheckTest(java.lang.String)[pri:4, instance:com.qa.opencart.tests.AccountPageTest@44e93c1f]" name="searchCheckTest" duration-ms="1529" started-at="2023-04-05T21:57:33Z" description="Search Page Check Test" data-provider="getSearchData" finished-at="2023-04-05T21:57:35Z">
          <params>
            <param index="0">
              <value>
                <![CDATA[Macbook]]>
              </value>
            </param>
          </params>
          <reporter-output>
          </reporter-output>
        </test-method> <!-- searchCheckTest -->
        <test-method status="PASS" signature="searchCheckTest(java.lang.String)[pri:4, instance:com.qa.opencart.tests.AccountPageTest@44e93c1f]" name="searchCheckTest" duration-ms="1425" started-at="2023-04-05T21:57:36Z" description="Search Page Check Test" data-provider="getSearchData" finished-at="2023-04-05T21:57:37Z">
          <params>
            <param index="0">
              <value>
                <![CDATA[Samsung]]>
              </value>
            </param>
          </params>
          <reporter-output>
          </reporter-output>
        </test-method> <!-- searchCheckTest -->
        <test-method status="PASS" signature="searchCheckTest(java.lang.String)[pri:4, instance:com.qa.opencart.tests.AccountPageTest@44e93c1f]" name="searchCheckTest" duration-ms="1265" started-at="2023-04-05T21:57:37Z" description="Search Page Check Test" data-provider="getSearchData" finished-at="2023-04-05T21:57:39Z">
          <params>
            <param index="0">
              <value>
                <![CDATA[iMac]]>
              </value>
            </param>
          </params>
          <reporter-output>
          </reporter-output>
        </test-method> <!-- searchCheckTest -->
        <test-method status="PASS" signature="searchTest(java.lang.String, java.lang.String)[pri:5, instance:com.qa.opencart.tests.AccountPageTest@44e93c1f]" name="searchTest" duration-ms="3592" started-at="2023-04-05T21:57:39Z" description="Search Macbookpro " data-provider="getData" finished-at="2023-04-05T21:57:42Z">
          <params>
            <param index="0">
              <value>
                <![CDATA[Macbook]]>
              </value>
            </param>
            <param index="1">
              <value>
                <![CDATA[MacBook Pro]]>
              </value>
            </param>
          </params>
          <reporter-output>
          </reporter-output>
        </test-method> <!-- searchTest -->
        <test-method status="PASS" signature="searchTest(java.lang.String, java.lang.String)[pri:5, instance:com.qa.opencart.tests.AccountPageTest@44e93c1f]" name="searchTest" duration-ms="2924" started-at="2023-04-05T21:57:42Z" description="Search Macbookpro " data-provider="getData" finished-at="2023-04-05T21:57:45Z">
          <params>
            <param index="0">
              <value>
                <![CDATA[Samsung]]>
              </value>
            </param>
            <param index="1">
              <value>
                <![CDATA[Samsung Galaxy Tab 10.1]]>
              </value>
            </param>
          </params>
          <reporter-output>
          </reporter-output>
        </test-method> <!-- searchTest -->
        <test-method status="PASS" signature="searchTest(java.lang.String, java.lang.String)[pri:5, instance:com.qa.opencart.tests.AccountPageTest@44e93c1f]" name="searchTest" duration-ms="2852" started-at="2023-04-05T21:57:45Z" description="Search Macbookpro " data-provider="getData" finished-at="2023-04-05T21:57:48Z">
          <params>
            <param index="0">
              <value>
                <![CDATA[iMac]]>
              </value>
            </param>
            <param index="1">
              <value>
                <![CDATA[iMac]]>
              </value>
            </param>
          </params>
          <reporter-output>
          </reporter-output>
        </test-method> <!-- searchTest -->
        <test-method status="PASS" signature="tearDown()[pri:0, instance:com.qa.opencart.tests.AccountPageTest@44e93c1f]" name="tearDown" is-config="true" duration-ms="939" started-at="2023-04-05T21:57:48Z" finished-at="2023-04-05T21:57:49Z">
          <reporter-output>
          </reporter-output>
        </test-method> <!-- tearDown -->
      </class> <!-- com.qa.opencart.tests.AccountPageTest -->
    </test> <!-- Accounts Test -->
    <test name="ProductPage Test" duration-ms="38735" started-at="2023-04-05T16:27:19Z" finished-at="2023-04-05T16:27:58Z">
      <class name="com.qa.opencart.tests.ProductPageTest">
        <test-method status="PASS" signature="setup()[pri:0, instance:com.qa.opencart.tests.ProductPageTest@4e08acf9]" name="setup" is-config="true" duration-ms="11900" started-at="2023-04-05T21:57:19Z" finished-at="2023-04-05T21:57:31Z">
          <reporter-output>
          </reporter-output>
        </test-method> <!-- setup -->
        <test-method status="PASS" signature="productInfoSetup()[pri:0, instance:com.qa.opencart.tests.ProductPageTest@4e08acf9]" name="productInfoSetup" is-config="true" duration-ms="1574" started-at="2023-04-05T21:57:31Z" finished-at="2023-04-05T21:57:33Z">
          <reporter-output>
          </reporter-output>
        </test-method> <!-- productInfoSetup -->
        <test-method status="PASS" signature="productHeaderTest(java.lang.String, java.lang.String)[pri:0, instance:com.qa.opencart.tests.ProductPageTest@4e08acf9]" name="productHeaderTest" duration-ms="4882" started-at="2023-04-05T21:57:33Z" description="Product Header Test" data-provider="getDataHeader" finished-at="2023-04-05T21:57:38Z">
          <params>
            <param index="0">
              <value>
                <![CDATA[Macbook]]>
              </value>
            </param>
            <param index="1">
              <value>
                <![CDATA[MacBook Pro]]>
              </value>
            </param>
          </params>
          <reporter-output>
          </reporter-output>
        </test-method> <!-- productHeaderTest -->
        <test-method status="PASS" signature="productHeaderTest(java.lang.String, java.lang.String)[pri:0, instance:com.qa.opencart.tests.ProductPageTest@4e08acf9]" name="productHeaderTest" duration-ms="3041" started-at="2023-04-05T21:57:38Z" description="Product Header Test" data-provider="getDataHeader" finished-at="2023-04-05T21:57:41Z">
          <params>
            <param index="0">
              <value>
                <![CDATA[Samsung]]>
              </value>
            </param>
            <param index="1">
              <value>
                <![CDATA[Samsung Galaxy Tab 10.1]]>
              </value>
            </param>
          </params>
          <reporter-output>
          </reporter-output>
        </test-method> <!-- productHeaderTest -->
        <test-method status="PASS" signature="productHeaderTest(java.lang.String, java.lang.String)[pri:0, instance:com.qa.opencart.tests.ProductPageTest@4e08acf9]" name="productHeaderTest" duration-ms="3100" started-at="2023-04-05T21:57:41Z" description="Product Header Test" data-provider="getDataHeader" finished-at="2023-04-05T21:57:44Z">
          <params>
            <param index="0">
              <value>
                <![CDATA[iMac]]>
              </value>
            </param>
            <param index="1">
              <value>
                <![CDATA[iMac]]>
              </value>
            </param>
          </params>
          <reporter-output>
          </reporter-output>
        </test-method> <!-- productHeaderTest -->
        <test-method status="PASS" signature="getProductImageCountTest(java.lang.String, java.lang.String, int)[pri:1, instance:com.qa.opencart.tests.ProductPageTest@4e08acf9]" name="getProductImageCountTest" duration-ms="2397" started-at="2023-04-05T21:57:44Z" description="Product Image Count Test" data-provider="getData" finished-at="2023-04-05T21:57:46Z">
          <params>
            <param index="0">
              <value>
                <![CDATA[Macbook]]>
              </value>
            </param>
            <param index="1">
              <value>
                <![CDATA[MacBook Pro]]>
              </value>
            </param>
            <param index="2">
              <value>
                <![CDATA[4]]>
              </value>
            </param>
          </params>
          <reporter-output>
          </reporter-output>
        </test-method> <!-- getProductImageCountTest -->
        <test-method status="PASS" signature="getProductImageCountTest(java.lang.String, java.lang.String, int)[pri:1, instance:com.qa.opencart.tests.ProductPageTest@4e08acf9]" name="getProductImageCountTest" duration-ms="2851" started-at="2023-04-05T21:57:46Z" description="Product Image Count Test" data-provider="getData" finished-at="2023-04-05T21:57:49Z">
          <params>
            <param index="0">
              <value>
                <![CDATA[Samsung]]>
              </value>
            </param>
            <param index="1">
              <value>
                <![CDATA[Samsung Galaxy Tab 10.1]]>
              </value>
            </param>
            <param index="2">
              <value>
                <![CDATA[7]]>
              </value>
            </param>
          </params>
          <reporter-output>
          </reporter-output>
        </test-method> <!-- getProductImageCountTest -->
        <test-method status="PASS" signature="getProductImageCountTest(java.lang.String, java.lang.String, int)[pri:1, instance:com.qa.opencart.tests.ProductPageTest@4e08acf9]" name="getProductImageCountTest" duration-ms="2781" started-at="2023-04-05T21:57:49Z" description="Product Image Count Test" data-provider="getData" finished-at="2023-04-05T21:57:52Z">
          <params>
            <param index="0">
              <value>
                <![CDATA[iMac]]>
              </value>
            </param>
            <param index="1">
              <value>
                <![CDATA[iMac]]>
              </value>
            </param>
            <param index="2">
              <value>
                <![CDATA[3]]>
              </value>
            </param>
          </params>
          <reporter-output>
          </reporter-output>
        </test-method> <!-- getProductImageCountTest -->
        <test-method status="PASS" signature="productMetaDataTest()[pri:2, instance:com.qa.opencart.tests.ProductPageTest@4e08acf9]" name="productMetaDataTest" duration-ms="2787" started-at="2023-04-05T21:57:52Z" description="Product MetaData Test" finished-at="2023-04-05T21:57:55Z">
          <reporter-output>
          </reporter-output>
        </test-method> <!-- productMetaDataTest -->
        <test-method status="PASS" signature="productPriceMetaDataTest()[pri:3, instance:com.qa.opencart.tests.ProductPageTest@4e08acf9]" name="productPriceMetaDataTest" duration-ms="2586" started-at="2023-04-05T21:57:55Z" description="Product Price MetaData Test" finished-at="2023-04-05T21:57:57Z">
          <reporter-output>
          </reporter-output>
        </test-method> <!-- productPriceMetaDataTest -->
        <test-method status="PASS" signature="tearDown()[pri:0, instance:com.qa.opencart.tests.ProductPageTest@4e08acf9]" name="tearDown" is-config="true" duration-ms="732" started-at="2023-04-05T21:57:57Z" finished-at="2023-04-05T21:57:58Z">
          <reporter-output>
          </reporter-output>
        </test-method> <!-- tearDown -->
      </class> <!-- com.qa.opencart.tests.ProductPageTest -->
    </test> <!-- ProductPage Test -->
    <test name="Register Test" duration-ms="63830" started-at="2023-04-05T16:27:19Z" finished-at="2023-04-05T16:28:23Z">
      <class name="com.qa.opencart.tests.RegisterTest">
        <test-method status="PASS" signature="setup()[pri:0, instance:com.qa.opencart.tests.RegisterTest@5ec4ff02]" name="setup" is-config="true" duration-ms="10946" started-at="2023-04-05T21:57:19Z" finished-at="2023-04-05T21:57:30Z">
          <reporter-output>
          </reporter-output>
        </test-method> <!-- setup -->
        <test-method status="PASS" signature="registrationSetup()[pri:0, instance:com.qa.opencart.tests.RegisterTest@5ec4ff02]" name="registrationSetup" is-config="true" duration-ms="1741" started-at="2023-04-05T21:57:30Z" finished-at="2023-04-05T21:57:32Z">
          <reporter-output>
          </reporter-output>
        </test-method> <!-- registrationSetup -->
        <test-method status="PASS" signature="registerUserTest(java.lang.String, java.lang.String, java.lang.String, java.lang.String, java.lang.String, java.lang.String)[pri:0, instance:com.qa.opencart.tests.RegisterTest@5ec4ff02]" name="registerUserTest" duration-ms="5506" started-at="2023-04-05T21:57:35Z" data-provider="getdata" finished-at="2023-04-05T21:57:41Z">
          <params>
            <param index="0">
              <value>
                <![CDATA[test1]]>
              </value>
            </param>
            <param index="1">
              <value>
                <![CDATA[Ranjan]]>
              </value>
            </param>
            <param index="2">
              <value>
                <![CDATA[nitya@gmail.com]]>
              </value>
            </param>
            <param index="3">
              <value>
                <![CDATA[730389735]]>
              </value>
            </param>
            <param index="4">
              <value>
                <![CDATA[nilamani10]]>
              </value>
            </param>
            <param index="5">
              <value>
                <![CDATA[yes]]>
              </value>
            </param>
          </params>
          <reporter-output>
          </reporter-output>
        </test-method> <!-- registerUserTest -->
        <test-method status="PASS" signature="registerUserTest(java.lang.String, java.lang.String, java.lang.String, java.lang.String, java.lang.String, java.lang.String)[pri:0, instance:com.qa.opencart.tests.RegisterTest@5ec4ff02]" name="registerUserTest" duration-ms="4393" started-at="2023-04-05T21:57:41Z" data-provider="getdata" finished-at="2023-04-05T21:57:45Z">
          <params>
            <param index="0">
              <value>
                <![CDATA[test2]]>
              </value>
            </param>
            <param index="1">
              <value>
                <![CDATA[Ranjan]]>
              </value>
            </param>
            <param index="2">
              <value>
                <![CDATA[nitya1@gmail.com]]>
              </value>
            </param>
            <param index="3">
              <value>
                <![CDATA[730389736]]>
              </value>
            </param>
            <param index="4">
              <value>
                <![CDATA[nilamani11]]>
              </value>
            </param>
            <param index="5">
              <value>
                <![CDATA[yes]]>
              </value>
            </param>
          </params>
          <reporter-output>
          </reporter-output>
        </test-method> <!-- registerUserTest -->
        <test-method status="PASS" signature="registerUserTest(java.lang.String, java.lang.String, java.lang.String, java.lang.String, java.lang.String, java.lang.String)[pri:0, instance:com.qa.opencart.tests.RegisterTest@5ec4ff02]" name="registerUserTest" duration-ms="5070" started-at="2023-04-05T21:57:45Z" data-provider="getdata" finished-at="2023-04-05T21:57:50Z">
          <params>
            <param index="0">
              <value>
                <![CDATA[test3]]>
              </value>
            </param>
            <param index="1">
              <value>
                <![CDATA[Ranjan]]>
              </value>
            </param>
            <param index="2">
              <value>
                <![CDATA[nitya2@gmail.com]]>
              </value>
            </param>
            <param index="3">
              <value>
                <![CDATA[730389737]]>
              </value>
            </param>
            <param index="4">
              <value>
                <![CDATA[nilamani12]]>
              </value>
            </param>
            <param index="5">
              <value>
                <![CDATA[yes]]>
              </value>
            </param>
          </params>
          <reporter-output>
          </reporter-output>
        </test-method> <!-- registerUserTest -->
        <test-method status="PASS" signature="registerUserTest(java.lang.String, java.lang.String, java.lang.String, java.lang.String, java.lang.String, java.lang.String)[pri:0, instance:com.qa.opencart.tests.RegisterTest@5ec4ff02]" name="registerUserTest" duration-ms="4547" started-at="2023-04-05T21:57:50Z" data-provider="getdata" finished-at="2023-04-05T21:57:55Z">
          <params>
            <param index="0">
              <value>
                <![CDATA[test4]]>
              </value>
            </param>
            <param index="1">
              <value>
                <![CDATA[Ranjan]]>
              </value>
            </param>
            <param index="2">
              <value>
                <![CDATA[nitya3@gmail.com]]>
              </value>
            </param>
            <param index="3">
              <value>
                <![CDATA[730389738]]>
              </value>
            </param>
            <param index="4">
              <value>
                <![CDATA[nilamani13]]>
              </value>
            </param>
            <param index="5">
              <value>
                <![CDATA[yes]]>
              </value>
            </param>
          </params>
          <reporter-output>
          </reporter-output>
        </test-method> <!-- registerUserTest -->
        <test-method status="PASS" signature="registerUserTest(java.lang.String, java.lang.String, java.lang.String, java.lang.String, java.lang.String, java.lang.String)[pri:0, instance:com.qa.opencart.tests.RegisterTest@5ec4ff02]" name="registerUserTest" duration-ms="4669" started-at="2023-04-05T21:57:55Z" data-provider="getdata" finished-at="2023-04-05T21:57:59Z">
          <params>
            <param index="0">
              <value>
                <![CDATA[test5]]>
              </value>
            </param>
            <param index="1">
              <value>
                <![CDATA[Ranjan]]>
              </value>
            </param>
            <param index="2">
              <value>
                <![CDATA[nitya4@gmail.com]]>
              </value>
            </param>
            <param index="3">
              <value>
                <![CDATA[730389739]]>
              </value>
            </param>
            <param index="4">
              <value>
                <![CDATA[nilamani14]]>
              </value>
            </param>
            <param index="5">
              <value>
                <![CDATA[yes]]>
              </value>
            </param>
          </params>
          <reporter-output>
          </reporter-output>
        </test-method> <!-- registerUserTest -->
        <test-method status="PASS" signature="registerUserTest(java.lang.String, java.lang.String, java.lang.String, java.lang.String, java.lang.String, java.lang.String)[pri:0, instance:com.qa.opencart.tests.RegisterTest@5ec4ff02]" name="registerUserTest" duration-ms="4569" started-at="2023-04-05T21:57:59Z" data-provider="getdata" finished-at="2023-04-05T21:58:04Z">
          <params>
            <param index="0">
              <value>
                <![CDATA[test6]]>
              </value>
            </param>
            <param index="1">
              <value>
                <![CDATA[Ranjan]]>
              </value>
            </param>
            <param index="2">
              <value>
                <![CDATA[nitya5@gmail.com]]>
              </value>
            </param>
            <param index="3">
              <value>
                <![CDATA[730389740]]>
              </value>
            </param>
            <param index="4">
              <value>
                <![CDATA[nilamani15]]>
              </value>
            </param>
            <param index="5">
              <value>
                <![CDATA[yes]]>
              </value>
            </param>
          </params>
          <reporter-output>
          </reporter-output>
        </test-method> <!-- registerUserTest -->
        <test-method status="PASS" signature="registerUserTest(java.lang.String, java.lang.String, java.lang.String, java.lang.String, java.lang.String, java.lang.String)[pri:0, instance:com.qa.opencart.tests.RegisterTest@5ec4ff02]" name="registerUserTest" duration-ms="3890" started-at="2023-04-05T21:58:04Z" data-provider="getdata" finished-at="2023-04-05T21:58:08Z">
          <params>
            <param index="0">
              <value>
                <![CDATA[test7]]>
              </value>
            </param>
            <param index="1">
              <value>
                <![CDATA[Ranjan]]>
              </value>
            </param>
            <param index="2">
              <value>
                <![CDATA[nitya6@gmail.com]]>
              </value>
            </param>
            <param index="3">
              <value>
                <![CDATA[730389741]]>
              </value>
            </param>
            <param index="4">
              <value>
                <![CDATA[nilamani16]]>
              </value>
            </param>
            <param index="5">
              <value>
                <![CDATA[yes]]>
              </value>
            </param>
          </params>
          <reporter-output>
          </reporter-output>
        </test-method> <!-- registerUserTest -->
        <test-method status="PASS" signature="registerUserTest(java.lang.String, java.lang.String, java.lang.String, java.lang.String, java.lang.String, java.lang.String)[pri:0, instance:com.qa.opencart.tests.RegisterTest@5ec4ff02]" name="registerUserTest" duration-ms="3882" started-at="2023-04-05T21:58:08Z" data-provider="getdata" finished-at="2023-04-05T21:58:12Z">
          <params>
            <param index="0">
              <value>
                <![CDATA[test8]]>
              </value>
            </param>
            <param index="1">
              <value>
                <![CDATA[Ranjan]]>
              </value>
            </param>
            <param index="2">
              <value>
                <![CDATA[nitya7@gmail.com]]>
              </value>
            </param>
            <param index="3">
              <value>
                <![CDATA[730389742]]>
              </value>
            </param>
            <param index="4">
              <value>
                <![CDATA[nilamani17]]>
              </value>
            </param>
            <param index="5">
              <value>
                <![CDATA[yes]]>
              </value>
            </param>
          </params>
          <reporter-output>
          </reporter-output>
        </test-method> <!-- registerUserTest -->
        <test-method status="PASS" signature="registerUserTest(java.lang.String, java.lang.String, java.lang.String, java.lang.String, java.lang.String, java.lang.String)[pri:0, instance:com.qa.opencart.tests.RegisterTest@5ec4ff02]" name="registerUserTest" duration-ms="3671" started-at="2023-04-05T21:58:12Z" data-provider="getdata" finished-at="2023-04-05T21:58:15Z">
          <params>
            <param index="0">
              <value>
                <![CDATA[test9]]>
              </value>
            </param>
            <param index="1">
              <value>
                <![CDATA[Ranjan]]>
              </value>
            </param>
            <param index="2">
              <value>
                <![CDATA[nitya8@gmail.com]]>
              </value>
            </param>
            <param index="3">
              <value>
                <![CDATA[730389743]]>
              </value>
            </param>
            <param index="4">
              <value>
                <![CDATA[nilamani18]]>
              </value>
            </param>
            <param index="5">
              <value>
                <![CDATA[yes]]>
              </value>
            </param>
          </params>
          <reporter-output>
          </reporter-output>
        </test-method> <!-- registerUserTest -->
        <test-method status="PASS" signature="registerUserTest(java.lang.String, java.lang.String, java.lang.String, java.lang.String, java.lang.String, java.lang.String)[pri:0, instance:com.qa.opencart.tests.RegisterTest@5ec4ff02]" name="registerUserTest" duration-ms="3588" started-at="2023-04-05T21:58:15Z" data-provider="getdata" finished-at="2023-04-05T21:58:19Z">
          <params>
            <param index="0">
              <value>
                <![CDATA[test10]]>
              </value>
            </param>
            <param index="1">
              <value>
                <![CDATA[Ranjan]]>
              </value>
            </param>
            <param index="2">
              <value>
                <![CDATA[nitya9@gmail.com]]>
              </value>
            </param>
            <param index="3">
              <value>
                <![CDATA[730389744]]>
              </value>
            </param>
            <param index="4">
              <value>
                <![CDATA[nilamani19]]>
              </value>
            </param>
            <param index="5">
              <value>
                <![CDATA[yes]]>
              </value>
            </param>
          </params>
          <reporter-output>
          </reporter-output>
        </test-method> <!-- registerUserTest -->
        <test-method status="PASS" signature="registerUserTest(java.lang.String, java.lang.String, java.lang.String, java.lang.String, java.lang.String, java.lang.String)[pri:0, instance:com.qa.opencart.tests.RegisterTest@5ec4ff02]" name="registerUserTest" duration-ms="3572" started-at="2023-04-05T21:58:19Z" data-provider="getdata" finished-at="2023-04-05T21:58:23Z">
          <params>
            <param index="0">
              <value>
                <![CDATA[test11]]>
              </value>
            </param>
            <param index="1">
              <value>
                <![CDATA[Ranjan]]>
              </value>
            </param>
            <param index="2">
              <value>
                <![CDATA[nitya10@gmail.com]]>
              </value>
            </param>
            <param index="3">
              <value>
                <![CDATA[730389745]]>
              </value>
            </param>
            <param index="4">
              <value>
                <![CDATA[nilamani20]]>
              </value>
            </param>
            <param index="5">
              <value>
                <![CDATA[yes]]>
              </value>
            </param>
          </params>
          <reporter-output>
          </reporter-output>
        </test-method> <!-- registerUserTest -->
        <test-method status="PASS" signature="tearDown()[pri:0, instance:com.qa.opencart.tests.RegisterTest@5ec4ff02]" name="tearDown" is-config="true" duration-ms="699" started-at="2023-04-05T21:58:23Z" finished-at="2023-04-05T21:58:23Z">
          <reporter-output>
          </reporter-output>
        </test-method> <!-- tearDown -->
      </class> <!-- com.qa.opencart.tests.RegisterTest -->
    </test> <!-- Register Test -->
  </suite> <!-- Open Cart Regression Test -->
</testng-results>
